Mono path[0] = 'C:/Butter/AliceInCradle/AliceInCradle_Data/Managed'
Mono config path = 'C:/Butter/AliceInCradle/MonoBleedingEdge/etc'
Initialize engine version: 2020.3.25f1 (9b9180224418)
[Subsystems] Discovering subsystems at path C:/Butter/AliceInCradle/AliceInCradle_Data/UnitySubsystems
GfxDevice: creating device client; threaded=1
Direct3D:
    Version:  Direct3D 11.0 [level 11.1]
    Renderer: Intel(R) Iris(R) Xe Graphics (ID=0x9a40)
    Vendor:   
    VRAM:     8083 MB
    Driver:   31.0.101.1999
Begin MonoManager ReloadAssembly
- Completed reload, in  0.085 seconds
<RI> Initializing input.
New input system (experimental) initialized
<RI> Input initialized.
<RI> Initialized touch support.
UnloadTime: 2.261800 ms
active debugger on
Unloading 6 Unused Serialized files (Serialized files now loaded: 17)
UnloadTime: 4.661000 ms

Unloading 45 unused Assets to reduce memory usage. Loaded Objects now: 2224.
Total: 23.716600 ms (FindLiveObjects: 0.087000 ms CreateObjectMapping: 0.047200 ms MarkObjects: 23.537700 ms  DeleteObjects: 0.044000 ms)

Unloading 1 Unused Serialized files (Serialized files now loaded: 34)

Unloading 2 unused Assets to reduce memory usage. Loaded Objects now: 3327.
Total: 37.256900 ms (FindLiveObjects: 0.204600 ms CreateObjectMapping: 0.163900 ms MarkObjects: 36.864400 ms  DeleteObjects: 0.023100 ms)

Unloading 1 Unused Serialized files (Serialized files now loaded: 49)

Unloading 2 unused Assets to reduce memory usage. Loaded Objects now: 3626.
Total: 42.337600 ms (FindLiveObjects: 0.261600 ms CreateObjectMapping: 0.206200 ms MarkObjects: 41.845200 ms  DeleteObjects: 0.024000 ms)

Unloading 0 Unused Serialized files (Serialized files now loaded: 50)

Unloading 2 unused Assets to reduce memory usage. Loaded Objects now: 3513.
Total: 41.438700 ms (FindLiveObjects: 0.218600 ms CreateObjectMapping: 0.302600 ms MarkObjects: 40.876600 ms  DeleteObjects: 0.040500 ms)

Unloading 0 Unused Serialized files (Serialized files now loaded: 50)

Unloading 0 unused Assets to reduce memory usage. Loaded Objects now: 3659.
Total: 46.640500 ms (FindLiveObjects: 0.231600 ms CreateObjectMapping: 0.376700 ms MarkObjects: 46.017800 ms  DeleteObjects: 0.013800 ms)

Unloading 0 Unused Serialized files (Serialized files now loaded: 53)

Unloading 21 unused Assets to reduce memory usage. Loaded Objects now: 3895.
Total: 45.461400 ms (FindLiveObjects: 0.280300 ms CreateObjectMapping: 0.299000 ms MarkObjects: 44.819300 ms  DeleteObjects: 0.062000 ms)

Unloading 0 Unused Serialized files (Serialized files now loaded: 53)

Unloading 0 unused Assets to reduce memory usage. Loaded Objects now: 4150.
Total: 48.446300 ms (FindLiveObjects: 0.218400 ms CreateObjectMapping: 0.228700 ms MarkObjects: 47.984200 ms  DeleteObjects: 0.014600 ms)

Unloading 0 Unused Serialized files (Serialized files now loaded: 55)

Unloading 4 unused Assets to reduce memory usage. Loaded Objects now: 3986.
Total: 41.875700 ms (FindLiveObjects: 0.337100 ms CreateObjectMapping: 0.299200 ms MarkObjects: 41.192400 ms  DeleteObjects: 0.046500 ms)

Unloading 0 Unused Serialized files (Serialized files now loaded: 55)

Unloading 0 unused Assets to reduce memory usage. Loaded Objects now: 4116.
Total: 42.641800 ms (FindLiveObjects: 0.278100 ms CreateObjectMapping: 0.205400 ms MarkObjects: 42.145600 ms  DeleteObjects: 0.012100 ms)

Unloading 0 Unused Serialized files (Serialized files now loaded: 58)

Unloading 22 unused Assets to reduce memory usage. Loaded Objects now: 4111.
Total: 51.558500 ms (FindLiveObjects: 0.272600 ms CreateObjectMapping: 0.258100 ms MarkObjects: 50.971100 ms  DeleteObjects: 0.055700 ms)

Unloading 0 Unused Serialized files (Serialized files now loaded: 58)

Unloading 3 unused Assets to reduce memory usage. Loaded Objects now: 4217.
Total: 54.077200 ms (FindLiveObjects: 0.287200 ms CreateObjectMapping: 0.246500 ms MarkObjects: 53.503000 ms  DeleteObjects: 0.039800 ms)

Unloading 0 Unused Serialized files (Serialized files now loaded: 58)

Unloading 10 unused Assets to reduce memory usage. Loaded Objects now: 4278.
Total: 54.209600 ms (FindLiveObjects: 0.784700 ms CreateObjectMapping: 0.524800 ms MarkObjects: 52.855200 ms  DeleteObjects: 0.044100 ms)

Unloading 0 Unused Serialized files (Serialized files now loaded: 58)

Unloading 0 unused Assets to reduce memory usage. Loaded Objects now: 4293.
Total: 42.247200 ms (FindLiveObjects: 0.192500 ms CreateObjectMapping: 0.112400 ms MarkObjects: 41.929800 ms  DeleteObjects: 0.012000 ms)

LightPostProcessor.SetupRenderTargets(): create RTs. 512x256 + 356x324 levels:4
Unloading 0 Unused Serialized files (Serialized files now loaded: 63)

Unloading 67 unused Assets to reduce memory usage. Loaded Objects now: 4248.
Total: 46.596400 ms (FindLiveObjects: 0.415200 ms CreateObjectMapping: 0.504800 ms MarkObjects: 45.544100 ms  DeleteObjects: 0.131500 ms)

Unloading 0 Unused Serialized files (Serialized files now loaded: 63)

Unloading 15 unused Assets to reduce memory usage. Loaded Objects now: 4481.
Total: 45.939500 ms (FindLiveObjects: 0.245200 ms CreateObjectMapping: 0.183300 ms MarkObjects: 45.445300 ms  DeleteObjects: 0.065100 ms)

Unloading 0 Unused Serialized files (Serialized files now loaded: 65)

Unloading 18 unused Assets to reduce memory usage. Loaded Objects now: 4477.
Total: 57.331700 ms (FindLiveObjects: 0.672500 ms CreateObjectMapping: 0.412500 ms MarkObjects: 56.191700 ms  DeleteObjects: 0.054200 ms)

Unloading 0 Unused Serialized files (Serialized files now loaded: 65)

Unloading 0 unused Assets to reduce memory usage. Loaded Objects now: 4498.
Total: 52.941300 ms (FindLiveObjects: 0.309200 ms CreateObjectMapping: 0.136400 ms MarkObjects: 52.481800 ms  DeleteObjects: 0.013200 ms)

Unloading 0 Unused Serialized files (Serialized files now loaded: 62)

Unloading 19 unused Assets to reduce memory usage. Loaded Objects now: 4756.
Total: 58.775200 ms (FindLiveObjects: 0.474800 ms CreateObjectMapping: 0.624000 ms MarkObjects: 57.600400 ms  DeleteObjects: 0.075300 ms)

Unloading 0 Unused Serialized files (Serialized files now loaded: 62)

Unloading 0 unused Assets to reduce memory usage. Loaded Objects now: 4787.
Total: 62.315800 ms (FindLiveObjects: 0.341900 ms CreateObjectMapping: 0.368900 ms MarkObjects: 61.591000 ms  DeleteObjects: 0.013000 ms)

Unloading 0 Unused Serialized files (Serialized files now loaded: 64)

Unloading 54 unused Assets to reduce memory usage. Loaded Objects now: 4081.
Total: 62.416400 ms (FindLiveObjects: 0.400100 ms CreateObjectMapping: 0.336500 ms MarkObjects: 61.566500 ms  DeleteObjects: 0.112500 ms)

Setting up 4 worker threads for Enlighten.
  Thread -> id: 2278 -> priority: 1 
  Thread -> id: c78 -> priority: 1 
  Thread -> id: 2250 -> priority: 1 
  Thread -> id: 2078 -> priority: 1 
