Mono path[0] = 'Z:/home/dokee/Applications/Games/AliceInCradle/AliceInCradle_Data/Managed'
Mono config path = 'Z:/home/dokee/Applications/Games/AliceInCradle/MonoBleedingEdge/etc'
Initialize engine version: 2020.3.25f1 (9b9180224418)
[Subsystems] Discovering subsystems at path Z:/home/dokee/Applications/Games/AliceInCradle/AliceInCradle_Data/UnitySubsystems
GfxDevice: creating device client; threaded=1
Direct3D:
    Version:  Direct3D 11.0 [level 11.1]
    Renderer: NVIDIA GeForce RTX 3060 Laptop GPU (ID=0x73df)
    Vendor:   
    VRAM:     6144 MB
    Driver:   31.0.21902.5
Begin MonoManager ReloadAssembly
- Completed reload, in  0.091 seconds
D3D11 device created for Microsoft Media Foundation video decoding.
<RI> Initializing input.
New input system (experimental) initialized
<RI> Input initialized.
<RI> Initialized touch support.
UnloadTime: 0.776300 ms
active debugger on
Unloading 6 Unused Serialized files (Serialized files now loaded: 17)
UnloadTime: 151.253700 ms

Unloading 45 unused Assets to reduce memory usage. Loaded Objects now: 2221.
Total: 17.445000 ms (FindLiveObjects: 0.086400 ms CreateObjectMapping: 0.027800 ms MarkObjects: 17.302100 ms  DeleteObjects: 0.028000 ms)

Unloading 1 Unused Serialized files (Serialized files now loaded: 59)

Unloading 4 unused Assets to reduce memory usage. Loaded Objects now: 3616.
Total: 32.104500 ms (FindLiveObjects: 0.176800 ms CreateObjectMapping: 0.079100 ms MarkObjects: 31.824900 ms  DeleteObjects: 0.023300 ms)

Unloading 0 Unused Serialized files (Serialized files now loaded: 59)

Unloading 7 unused Assets to reduce memory usage. Loaded Objects now: 3658.
Total: 30.092100 ms (FindLiveObjects: 0.156300 ms CreateObjectMapping: 0.047300 ms MarkObjects: 29.858000 ms  DeleteObjects: 0.030000 ms)

Unloading 0 Unused Serialized files (Serialized files now loaded: 59)

Unloading 0 unused Assets to reduce memory usage. Loaded Objects now: 3659.
Total: 29.427300 ms (FindLiveObjects: 0.129300 ms CreateObjectMapping: 0.048700 ms MarkObjects: 29.239600 ms  DeleteObjects: 0.009100 ms)

Unloading 0 Unused Serialized files (Serialized files now loaded: 59)

Unloading 3 unused Assets to reduce memory usage. Loaded Objects now: 3583.
Total: 29.015300 ms (FindLiveObjects: 0.150700 ms CreateObjectMapping: 0.058300 ms MarkObjects: 28.785000 ms  DeleteObjects: 0.020500 ms)

Unloading 0 Unused Serialized files (Serialized files now loaded: 59)

Unloading 0 unused Assets to reduce memory usage. Loaded Objects now: 3664.
Total: 29.525200 ms (FindLiveObjects: 0.154100 ms CreateObjectMapping: 0.050700 ms MarkObjects: 29.312500 ms  DeleteObjects: 0.007100 ms)

Unloading 0 Unused Serialized files (Serialized files now loaded: 59)

Unloading 3 unused Assets to reduce memory usage. Loaded Objects now: 3659.
Total: 29.494600 ms (FindLiveObjects: 0.172300 ms CreateObjectMapping: 0.067500 ms MarkObjects: 29.229800 ms  DeleteObjects: 0.024300 ms)

Unloading 0 Unused Serialized files (Serialized files now loaded: 59)

Unloading 0 unused Assets to reduce memory usage. Loaded Objects now: 3659.
Total: 29.037200 ms (FindLiveObjects: 0.153600 ms CreateObjectMapping: 0.047300 ms MarkObjects: 28.827400 ms  DeleteObjects: 0.008300 ms)

Unloading 0 Unused Serialized files (Serialized files now loaded: 59)

Unloading 3 unused Assets to reduce memory usage. Loaded Objects now: 3583.
Total: 31.287400 ms (FindLiveObjects: 0.236100 ms CreateObjectMapping: 0.091800 ms MarkObjects: 30.929500 ms  DeleteObjects: 0.029300 ms)

Unloading 0 Unused Serialized files (Serialized files now loaded: 59)

Unloading 3 unused Assets to reduce memory usage. Loaded Objects now: 3748.
Total: 34.147000 ms (FindLiveObjects: 0.150600 ms CreateObjectMapping: 0.059200 ms MarkObjects: 33.912200 ms  DeleteObjects: 0.024200 ms)

Unloading 1 Unused Serialized files (Serialized files now loaded: 59)

Unloading 20 unused Assets to reduce memory usage. Loaded Objects now: 3706.
Total: 32.557400 ms (FindLiveObjects: 0.185200 ms CreateObjectMapping: 0.085400 ms MarkObjects: 32.247600 ms  DeleteObjects: 0.038500 ms)

Unloading 0 Unused Serialized files (Serialized files now loaded: 59)

Unloading 0 unused Assets to reduce memory usage. Loaded Objects now: 3812.
Total: 35.399600 ms (FindLiveObjects: 0.176600 ms CreateObjectMapping: 0.075000 ms MarkObjects: 35.138300 ms  DeleteObjects: 0.009000 ms)

Unloading 0 Unused Serialized files (Serialized files now loaded: 60)

Unloading 3 unused Assets to reduce memory usage. Loaded Objects now: 3710.
Total: 32.131800 ms (FindLiveObjects: 0.197800 ms CreateObjectMapping: 0.087300 ms MarkObjects: 31.820900 ms  DeleteObjects: 0.025200 ms)

Unloading 0 Unused Serialized files (Serialized files now loaded: 60)

Unloading 0 unused Assets to reduce memory usage. Loaded Objects now: 3802.
Total: 34.943700 ms (FindLiveObjects: 0.200400 ms CreateObjectMapping: 0.066600 ms MarkObjects: 34.659900 ms  DeleteObjects: 0.016300 ms)

Unloading 0 Unused Serialized files (Serialized files now loaded: 60)

Unloading 6 unused Assets to reduce memory usage. Loaded Objects now: 3785.
Total: 33.343800 ms (FindLiveObjects: 0.169600 ms CreateObjectMapping: 0.062500 ms MarkObjects: 33.074600 ms  DeleteObjects: 0.036400 ms)

Unloading 0 Unused Serialized files (Serialized files now loaded: 60)

Unloading 0 unused Assets to reduce memory usage. Loaded Objects now: 3791.
Total: 42.108100 ms (FindLiveObjects: 0.151400 ms CreateObjectMapping: 0.060900 ms MarkObjects: 41.883100 ms  DeleteObjects: 0.011900 ms)

Unloading 0 Unused Serialized files (Serialized files now loaded: 60)

Unloading 3 unused Assets to reduce memory usage. Loaded Objects now: 3709.
Total: 33.791100 ms (FindLiveObjects: 0.171700 ms CreateObjectMapping: 0.052000 ms MarkObjects: 33.544600 ms  DeleteObjects: 0.022300 ms)

Unloading 0 Unused Serialized files (Serialized files now loaded: 60)

Unloading 1 unused Assets to reduce memory usage. Loaded Objects now: 3801.
Total: 36.271100 ms (FindLiveObjects: 0.214000 ms CreateObjectMapping: 0.090300 ms MarkObjects: 35.946300 ms  DeleteObjects: 0.019900 ms)

Unloading 0 Unused Serialized files (Serialized files now loaded: 60)

Unloading 4 unused Assets to reduce memory usage. Loaded Objects now: 3709.
Total: 32.750400 ms (FindLiveObjects: 0.230900 ms CreateObjectMapping: 0.089900 ms MarkObjects: 32.405100 ms  DeleteObjects: 0.023700 ms)

Unloading 0 Unused Serialized files (Serialized files now loaded: 60)

Unloading 0 unused Assets to reduce memory usage. Loaded Objects now: 3806.
Total: 34.857200 ms (FindLiveObjects: 0.192600 ms CreateObjectMapping: 0.060000 ms MarkObjects: 34.594800 ms  DeleteObjects: 0.009200 ms)

Unloading 0 Unused Serialized files (Serialized files now loaded: 60)

Unloading 8 unused Assets to reduce memory usage. Loaded Objects now: 3964.
Total: 33.252400 ms (FindLiveObjects: 0.171000 ms CreateObjectMapping: 0.084600 ms MarkObjects: 32.968400 ms  DeleteObjects: 0.027700 ms)

Unloading 0 Unused Serialized files (Serialized files now loaded: 60)

Unloading 0 unused Assets to reduce memory usage. Loaded Objects now: 4056.
Total: 35.255200 ms (FindLiveObjects: 0.178200 ms CreateObjectMapping: 0.128000 ms MarkObjects: 34.939300 ms  DeleteObjects: 0.008900 ms)

Unloading 0 Unused Serialized files (Serialized files now loaded: 60)

Unloading 12 unused Assets to reduce memory usage. Loaded Objects now: 3740.
Total: 32.143300 ms (FindLiveObjects: 0.202300 ms CreateObjectMapping: 0.118100 ms MarkObjects: 31.792100 ms  DeleteObjects: 0.030100 ms)

Unloading 0 Unused Serialized files (Serialized files now loaded: 48)

Unloading 2 unused Assets to reduce memory usage. Loaded Objects now: 3879.
Total: 35.349600 ms (FindLiveObjects: 0.177100 ms CreateObjectMapping: 0.085500 ms MarkObjects: 35.052500 ms  DeleteObjects: 0.033800 ms)

Unloading 0 Unused Serialized files (Serialized files now loaded: 49)

Unloading 3 unused Assets to reduce memory usage. Loaded Objects now: 3804.
Total: 63.658900 ms (FindLiveObjects: 0.236700 ms CreateObjectMapping: 0.087900 ms MarkObjects: 63.251900 ms  DeleteObjects: 0.081500 ms)

Unloading 0 Unused Serialized files (Serialized files now loaded: 49)

Unloading 0 unused Assets to reduce memory usage. Loaded Objects now: 3949.
Total: 57.653300 ms (FindLiveObjects: 0.278400 ms CreateObjectMapping: 0.093800 ms MarkObjects: 57.267100 ms  DeleteObjects: 0.013000 ms)

Unloading 1 Unused Serialized files (Serialized files now loaded: 52)

Unloading 4 unused Assets to reduce memory usage. Loaded Objects now: 3882.
Total: 35.361900 ms (FindLiveObjects: 0.185000 ms CreateObjectMapping: 0.076700 ms MarkObjects: 35.069100 ms  DeleteObjects: 0.030400 ms)

Unloading 0 Unused Serialized files (Serialized files now loaded: 52)

Unloading 0 unused Assets to reduce memory usage. Loaded Objects now: 4002.
Total: 35.671700 ms (FindLiveObjects: 0.183700 ms CreateObjectMapping: 0.067100 ms MarkObjects: 35.412100 ms  DeleteObjects: 0.008100 ms)

Unloading 1 Unused Serialized files (Serialized files now loaded: 58)

Unloading 15 unused Assets to reduce memory usage. Loaded Objects now: 4055.
Total: 35.228300 ms (FindLiveObjects: 0.218900 ms CreateObjectMapping: 0.066800 ms MarkObjects: 34.911500 ms  DeleteObjects: 0.030600 ms)

Unloading 0 Unused Serialized files (Serialized files now loaded: 59)

Unloading 1 unused Assets to reduce memory usage. Loaded Objects now: 4265.
Total: 37.206600 ms (FindLiveObjects: 0.167300 ms CreateObjectMapping: 0.057600 ms MarkObjects: 36.962600 ms  DeleteObjects: 0.018400 ms)

Unloading 1 Unused Serialized files (Serialized files now loaded: 62)

Unloading 5 unused Assets to reduce memory usage. Loaded Objects now: 4092.
Total: 36.181500 ms (FindLiveObjects: 0.229600 ms CreateObjectMapping: 0.059200 ms MarkObjects: 35.869500 ms  DeleteObjects: 0.022400 ms)

Unloading 0 Unused Serialized files (Serialized files now loaded: 62)

Unloading 0 unused Assets to reduce memory usage. Loaded Objects now: 4212.
Total: 37.589200 ms (FindLiveObjects: 0.270800 ms CreateObjectMapping: 0.099300 ms MarkObjects: 37.210900 ms  DeleteObjects: 0.007300 ms)

Unloading 0 Unused Serialized files (Serialized files now loaded: 64)

Unloading 3 unused Assets to reduce memory usage. Loaded Objects now: 4097.
Total: 36.097300 ms (FindLiveObjects: 0.237700 ms CreateObjectMapping: 0.103500 ms MarkObjects: 35.732500 ms  DeleteObjects: 0.022900 ms)

Unloading 0 Unused Serialized files (Serialized files now loaded: 64)

Unloading 0 unused Assets to reduce memory usage. Loaded Objects now: 4284.
Total: 37.161600 ms (FindLiveObjects: 0.241700 ms CreateObjectMapping: 0.085000 ms MarkObjects: 36.825400 ms  DeleteObjects: 0.008800 ms)

Unloading 0 Unused Serialized files (Serialized files now loaded: 64)

Unloading 4 unused Assets to reduce memory usage. Loaded Objects now: 4098.
Total: 34.746000 ms (FindLiveObjects: 0.184200 ms CreateObjectMapping: 0.063300 ms MarkObjects: 34.474000 ms  DeleteObjects: 0.023400 ms)

Unloading 0 Unused Serialized files (Serialized files now loaded: 64)

Unloading 0 unused Assets to reduce memory usage. Loaded Objects now: 4217.
Total: 35.813400 ms (FindLiveObjects: 0.160300 ms CreateObjectMapping: 0.063100 ms MarkObjects: 35.581100 ms  DeleteObjects: 0.008500 ms)

Unloading 0 Unused Serialized files (Serialized files now loaded: 64)

Unloading 4 unused Assets to reduce memory usage. Loaded Objects now: 4218.
Total: 35.834300 ms (FindLiveObjects: 0.171800 ms CreateObjectMapping: 0.063600 ms MarkObjects: 35.575800 ms  DeleteObjects: 0.022700 ms)

Unloading 0 Unused Serialized files (Serialized files now loaded: 64)

Unloading 0 unused Assets to reduce memory usage. Loaded Objects now: 4224.
Total: 35.660900 ms (FindLiveObjects: 0.169100 ms CreateObjectMapping: 0.059300 ms MarkObjects: 35.422500 ms  DeleteObjects: 0.009300 ms)

Unloading 1 Unused Serialized files (Serialized files now loaded: 64)

Unloading 12 unused Assets to reduce memory usage. Loaded Objects now: 4467.
Total: 36.310800 ms (FindLiveObjects: 0.180800 ms CreateObjectMapping: 0.066200 ms MarkObjects: 36.016700 ms  DeleteObjects: 0.046200 ms)

Unloading 0 Unused Serialized files (Serialized files now loaded: 64)

Unloading 0 unused Assets to reduce memory usage. Loaded Objects now: 4608.
Total: 37.279100 ms (FindLiveObjects: 0.164200 ms CreateObjectMapping: 0.063300 ms MarkObjects: 37.031900 ms  DeleteObjects: 0.009300 ms)

Unloading 0 Unused Serialized files (Serialized files now loaded: 65)

Unloading 4 unused Assets to reduce memory usage. Loaded Objects now: 4506.
Total: 36.144000 ms (FindLiveObjects: 0.179000 ms CreateObjectMapping: 0.090000 ms MarkObjects: 35.850600 ms  DeleteObjects: 0.023700 ms)

Unloading 0 Unused Serialized files (Serialized files now loaded: 62)

Unloading 24 unused Assets to reduce memory usage. Loaded Objects now: 4614.
Total: 37.112400 ms (FindLiveObjects: 0.216800 ms CreateObjectMapping: 0.071800 ms MarkObjects: 36.780900 ms  DeleteObjects: 0.042300 ms)

Unloading 1 Unused Serialized files (Serialized files now loaded: 64)

Unloading 12 unused Assets to reduce memory usage. Loaded Objects now: 4526.
Total: 36.645700 ms (FindLiveObjects: 0.234000 ms CreateObjectMapping: 0.085200 ms MarkObjects: 36.297700 ms  DeleteObjects: 0.028300 ms)

Unloading 0 Unused Serialized files (Serialized files now loaded: 64)

Unloading 0 unused Assets to reduce memory usage. Loaded Objects now: 4791.
Total: 39.060200 ms (FindLiveObjects: 0.176300 ms CreateObjectMapping: 0.093100 ms MarkObjects: 38.771900 ms  DeleteObjects: 0.018200 ms)

Unloading 0 Unused Serialized files (Serialized files now loaded: 66)

Unloading 14 unused Assets to reduce memory usage. Loaded Objects now: 4708.
Total: 37.660000 ms (FindLiveObjects: 0.257100 ms CreateObjectMapping: 0.103800 ms MarkObjects: 37.266300 ms  DeleteObjects: 0.032100 ms)

Unloading 1 Unused Serialized files (Serialized files now loaded: 66)

Unloading 2 unused Assets to reduce memory usage. Loaded Objects now: 4844.
Total: 38.683700 ms (FindLiveObjects: 0.178000 ms CreateObjectMapping: 0.065000 ms MarkObjects: 38.409200 ms  DeleteObjects: 0.031000 ms)

Unloading 0 Unused Serialized files (Serialized files now loaded: 68)

Unloading 6 unused Assets to reduce memory usage. Loaded Objects now: 4768.
Total: 38.498400 ms (FindLiveObjects: 0.216800 ms CreateObjectMapping: 0.088400 ms MarkObjects: 38.167300 ms  DeleteObjects: 0.025300 ms)

Unloading 0 Unused Serialized files (Serialized files now loaded: 68)

Unloading 0 unused Assets to reduce memory usage. Loaded Objects now: 4862.
Total: 39.562700 ms (FindLiveObjects: 0.176300 ms CreateObjectMapping: 0.077000 ms MarkObjects: 39.299600 ms  DeleteObjects: 0.009000 ms)

Unloading 0 Unused Serialized files (Serialized files now loaded: 70)

Unloading 11 unused Assets to reduce memory usage. Loaded Objects now: 4944.
Total: 40.263600 ms (FindLiveObjects: 0.183400 ms CreateObjectMapping: 0.069500 ms MarkObjects: 39.981000 ms  DeleteObjects: 0.029100 ms)

Unloading 0 Unused Serialized files (Serialized files now loaded: 70)

Unloading 0 unused Assets to reduce memory usage. Loaded Objects now: 4968.
Total: 41.463100 ms (FindLiveObjects: 0.231100 ms CreateObjectMapping: 0.082800 ms MarkObjects: 41.139200 ms  DeleteObjects: 0.009500 ms)

Unloading 1 Unused Serialized files (Serialized files now loaded: 70)

Unloading 48 unused Assets to reduce memory usage. Loaded Objects now: 3765.
Total: 38.521400 ms (FindLiveObjects: 0.190600 ms CreateObjectMapping: 0.060400 ms MarkObjects: 38.195600 ms  DeleteObjects: 0.074100 ms)

Setting up 8 worker threads for Enlighten.
  Thread -> id: 2a0 -> priority: 1 
  Thread -> id: 2a4 -> priority: 1 
  Thread -> id: 2a8 -> priority: 1 
  Thread -> id: 2ac -> priority: 1 
  Thread -> id: 2b0 -> priority: 1 
  Thread -> id: 2b4 -> priority: 1 
  Thread -> id: 2b8 -> priority: 1 
  Thread -> id: 2bc -> priority: 1 
