Mono path[0] = 'Z:/home/dokee/Apps/Games/AliceInCradle/AliceInCradle_Data/Managed'
Mono config path = 'Z:/home/dokee/Apps/Games/AliceInCradle/MonoBleedingEdge/etc'
Initialize engine version: 2020.3.25f1 (9b9180224418)
[Subsystems] Discovering subsystems at path Z:/home/dokee/Apps/Games/AliceInCradle/AliceInCradle_Data/UnitySubsystems
GfxDevice: creating device client; threaded=1
Direct3D:
    Version:  Direct3D 11.0 [level 11.1]
    Renderer: NVIDIA GeForce RTX 3060 Laptop GPU (ID=0x73df)
    Vendor:   
    VRAM:     6144 MB
    Driver:   31.0.21902.5
Begin MonoManager ReloadAssembly
- Completed reload, in  0.070 seconds
D3D11 device created for Microsoft Media Foundation video decoding.
<RI> Initializing input.
New input system (experimental) initialized
<RI> Input initialized.
<RI> Initialized touch support.
UnloadTime: 1.025800 ms
active debugger on
Setting up 8 worker threads for Enlighten.
  Thread -> id: 264 -> priority: 1 
  Thread -> id: 26c -> priority: 1 
  Thread -> id: 268 -> priority: 1 
  Thread -> id: 270 -> priority: 1 
  Thread -> id: 274 -> priority: 1 
  Thread -> id: 278 -> priority: 1 
  Thread -> id: 27c -> priority: 1 
  Thread -> id: 280 -> priority: 1 
